JUnit version 4.13.2
....E.
Time: 0.063
There was 1 failure:
1) testMergeRepeated(TestListExamples)
java.lang.AssertionError: expected:<[a, a, b, c, d]> but was:<[a, a, a, b, b, c, c, d]>
	at org.junit.Assert.fail(Assert.java:89)
	at org.junit.Assert.failNotEquals(Assert.java:835)
	at org.junit.Assert.assertEquals(Assert.java:120)
	at org.junit.Assert.assertEquals(Assert.java:146)
	at TestListExamples.testMergeRepeated(TestListExamples.java:57)

FAILURES!!!
Tests run: 5,  Failures: 1

